{"numFailedTestSuites":1,"numFailedTests":6,"numPassedTestSuites":0,"numPassedTests":9,"numPendingTestSuites":0,"numPendingTests":0,"numRuntimeErrorTestSuites":0,"numTotalTestSuites":1,"numTotalTests":15,"snapshot":{"added":0,"didUpdate":false,"failure":false,"filesAdded":0,"filesRemoved":0,"filesUnmatched":0,"filesUpdated":0,"matched":0,"total":0,"unchecked":0,"unmatched":0,"updated":0},"startTime":1615800981980,"success":false,"testResults":[{"assertionResults":[{"failureMessages":[],"status":"passed","title":"GFST1-GetFlight Component has a form has 4 input fields with proper name attribute"},{"failureMessages":[],"status":"passed","title":"GFST2-GetFlight Component has proper name attribute for error messages"},{"failureMessages":[],"status":"passed","title":"GFST3-GetFlight Component has a View Flights with the proper name attribute"},{"failureMessages":["TypeError: availableFlights.map is not a function\n    at FlightDetails.render (D:\\dikshaS\\workspaceFeb\\Fa_3\\SkyTracks - toTrainee\\SkyTracksUI\\src\\components\\flightDetails.js:113:179)\n    at ReactShallowRenderer._mountClassComponent (D:\\dikshaS\\workspaceFeb\\Fa_3\\SkyTracks - toTrainee\\SkyTracksUI\\node_modules\\react-test-renderer\\cjs\\react-test-renderer-shallow.development.js:883:37)\n    at ReactShallowRenderer.render (D:\\dikshaS\\workspaceFeb\\Fa_3\\SkyTracks - toTrainee\\SkyTracksUI\\node_modules\\react-test-renderer\\cjs\\react-test-renderer-shallow.development.js:800:14)\n    at renderElement (D:\\dikshaS\\workspaceFeb\\Fa_3\\SkyTracks - toTrainee\\SkyTracksUI\\node_modules\\enzyme-adapter-react-16\\build\\ReactSixteenAdapter.js:786:42)\n    at D:\\dikshaS\\workspaceFeb\\Fa_3\\SkyTracks - toTrainee\\SkyTracksUI\\node_modules\\enzyme-adapter-react-16\\build\\ReactSixteenAdapter.js:923:22\n    at withSetStateAllowed (D:\\dikshaS\\workspaceFeb\\Fa_3\\SkyTracks - toTrainee\\SkyTracksUI\\node_modules\\enzyme-adapter-utils\\build\\Utils.js:178:16)\n    at Object.render (D:\\dikshaS\\workspaceFeb\\Fa_3\\SkyTracks - toTrainee\\SkyTracksUI\\node_modules\\enzyme-adapter-react-16\\build\\ReactSixteenAdapter.js:922:64)\n    at new ShallowWrapper (D:\\dikshaS\\workspaceFeb\\Fa_3\\SkyTracks - toTrainee\\SkyTracksUI\\node_modules\\enzyme\\build\\ShallowWrapper.js:424:22)\n    at shallow (D:\\dikshaS\\workspaceFeb\\Fa_3\\SkyTracks - toTrainee\\SkyTracksUI\\node_modules\\enzyme\\build\\shallow.js:21:10)\n    at Object.<anonymous> (D:\\dikshaS\\workspaceFeb\\Fa_3\\SkyTracks - toTrainee\\SkyTracksUI\\src\\testing\\App.test.js:28:41)\n    at Object.asyncFn (D:\\dikshaS\\workspaceFeb\\Fa_3\\SkyTracks - toTrainee\\SkyTracksUI\\node_modules\\jest-jasmine2\\build\\jasmine-async.js:68:30)\n    at D:\\dikshaS\\workspaceFeb\\Fa_3\\SkyTracks - toTrainee\\SkyTracksUI\\node_modules\\jest-jasmine2\\build\\queueRunner.js:38:12\n    at new Promise (<anonymous>)\n    at mapper (D:\\dikshaS\\workspaceFeb\\Fa_3\\SkyTracks - toTrainee\\SkyTracksUI\\node_modules\\jest-jasmine2\\build\\queueRunner.js:31:21)\n    at D:\\dikshaS\\workspaceFeb\\Fa_3\\SkyTracks - toTrainee\\SkyTracksUI\\node_modules\\p-map\\index.js:46:16\n    at processTicksAndRejections (internal/process/task_queues.js:93:5)"],"status":"failed","title":"FDST1-Flight Details has h4 tags that display the flight data entered by user"},{"failureMessages":["TypeError: availableFlights.map is not a function\n    at FlightDetails.render (D:\\dikshaS\\workspaceFeb\\Fa_3\\SkyTracks - toTrainee\\SkyTracksUI\\src\\components\\flightDetails.js:113:179)\n    at ReactShallowRenderer._mountClassComponent (D:\\dikshaS\\workspaceFeb\\Fa_3\\SkyTracks - toTrainee\\SkyTracksUI\\node_modules\\react-test-renderer\\cjs\\react-test-renderer-shallow.development.js:883:37)\n    at ReactShallowRenderer.render (D:\\dikshaS\\workspaceFeb\\Fa_3\\SkyTracks - toTrainee\\SkyTracksUI\\node_modules\\react-test-renderer\\cjs\\react-test-renderer-shallow.development.js:800:14)\n    at renderElement (D:\\dikshaS\\workspaceFeb\\Fa_3\\SkyTracks - toTrainee\\SkyTracksUI\\node_modules\\enzyme-adapter-react-16\\build\\ReactSixteenAdapter.js:786:42)\n    at D:\\dikshaS\\workspaceFeb\\Fa_3\\SkyTracks - toTrainee\\SkyTracksUI\\node_modules\\enzyme-adapter-react-16\\build\\ReactSixteenAdapter.js:923:22\n    at withSetStateAllowed (D:\\dikshaS\\workspaceFeb\\Fa_3\\SkyTracks - toTrainee\\SkyTracksUI\\node_modules\\enzyme-adapter-utils\\build\\Utils.js:178:16)\n    at Object.render (D:\\dikshaS\\workspaceFeb\\Fa_3\\SkyTracks - toTrainee\\SkyTracksUI\\node_modules\\enzyme-adapter-react-16\\build\\ReactSixteenAdapter.js:922:64)\n    at new ShallowWrapper (D:\\dikshaS\\workspaceFeb\\Fa_3\\SkyTracks - toTrainee\\SkyTracksUI\\node_modules\\enzyme\\build\\ShallowWrapper.js:424:22)\n    at shallow (D:\\dikshaS\\workspaceFeb\\Fa_3\\SkyTracks - toTrainee\\SkyTracksUI\\node_modules\\enzyme\\build\\shallow.js:21:10)\n    at Object.<anonymous> (D:\\dikshaS\\workspaceFeb\\Fa_3\\SkyTracks - toTrainee\\SkyTracksUI\\src\\testing\\App.test.js:32:41)\n    at Object.asyncFn (D:\\dikshaS\\workspaceFeb\\Fa_3\\SkyTracks - toTrainee\\SkyTracksUI\\node_modules\\jest-jasmine2\\build\\jasmine-async.js:68:30)\n    at D:\\dikshaS\\workspaceFeb\\Fa_3\\SkyTracks - toTrainee\\SkyTracksUI\\node_modules\\jest-jasmine2\\build\\queueRunner.js:38:12\n    at new Promise (<anonymous>)\n    at mapper (D:\\dikshaS\\workspaceFeb\\Fa_3\\SkyTracks - toTrainee\\SkyTracksUI\\node_modules\\jest-jasmine2\\build\\queueRunner.js:31:21)\n    at D:\\dikshaS\\workspaceFeb\\Fa_3\\SkyTracks - toTrainee\\SkyTracksUI\\node_modules\\p-map\\index.js:46:16\n    at processTicksAndRejections (internal/process/task_queues.js:93:5)"],"status":"failed","title":"FDST2-Flight Details has cards to display the details of available flights"},{"failureMessages":["TypeError: availableFlights.map is not a function\n    at FlightDetails.render (D:\\dikshaS\\workspaceFeb\\Fa_3\\SkyTracks - toTrainee\\SkyTracksUI\\src\\components\\flightDetails.js:113:179)\n    at ReactShallowRenderer._mountClassComponent (D:\\dikshaS\\workspaceFeb\\Fa_3\\SkyTracks - toTrainee\\SkyTracksUI\\node_modules\\react-test-renderer\\cjs\\react-test-renderer-shallow.development.js:883:37)\n    at ReactShallowRenderer.render (D:\\dikshaS\\workspaceFeb\\Fa_3\\SkyTracks - toTrainee\\SkyTracksUI\\node_modules\\react-test-renderer\\cjs\\react-test-renderer-shallow.development.js:800:14)\n    at renderElement (D:\\dikshaS\\workspaceFeb\\Fa_3\\SkyTracks - toTrainee\\SkyTracksUI\\node_modules\\enzyme-adapter-react-16\\build\\ReactSixteenAdapter.js:786:42)\n    at D:\\dikshaS\\workspaceFeb\\Fa_3\\SkyTracks - toTrainee\\SkyTracksUI\\node_modules\\enzyme-adapter-react-16\\build\\ReactSixteenAdapter.js:923:22\n    at withSetStateAllowed (D:\\dikshaS\\workspaceFeb\\Fa_3\\SkyTracks - toTrainee\\SkyTracksUI\\node_modules\\enzyme-adapter-utils\\build\\Utils.js:178:16)\n    at Object.render (D:\\dikshaS\\workspaceFeb\\Fa_3\\SkyTracks - toTrainee\\SkyTracksUI\\node_modules\\enzyme-adapter-react-16\\build\\ReactSixteenAdapter.js:922:64)\n    at new ShallowWrapper (D:\\dikshaS\\workspaceFeb\\Fa_3\\SkyTracks - toTrainee\\SkyTracksUI\\node_modules\\enzyme\\build\\ShallowWrapper.js:424:22)\n    at shallow (D:\\dikshaS\\workspaceFeb\\Fa_3\\SkyTracks - toTrainee\\SkyTracksUI\\node_modules\\enzyme\\build\\shallow.js:21:10)\n    at Object.<anonymous> (D:\\dikshaS\\workspaceFeb\\Fa_3\\SkyTracks - toTrainee\\SkyTracksUI\\src\\testing\\App.test.js:36:41)\n    at Object.asyncFn (D:\\dikshaS\\workspaceFeb\\Fa_3\\SkyTracks - toTrainee\\SkyTracksUI\\node_modules\\jest-jasmine2\\build\\jasmine-async.js:68:30)\n    at D:\\dikshaS\\workspaceFeb\\Fa_3\\SkyTracks - toTrainee\\SkyTracksUI\\node_modules\\jest-jasmine2\\build\\queueRunner.js:38:12\n    at new Promise (<anonymous>)\n    at mapper (D:\\dikshaS\\workspaceFeb\\Fa_3\\SkyTracks - toTrainee\\SkyTracksUI\\node_modules\\jest-jasmine2\\build\\queueRunner.js:31:21)\n    at D:\\dikshaS\\workspaceFeb\\Fa_3\\SkyTracks - toTrainee\\SkyTracksUI\\node_modules\\p-map\\index.js:46:16\n    at processTicksAndRejections (internal/process/task_queues.js:93:5)"],"status":"failed","title":"FDST3-Flight Details has an add passenger details buttons with each available flight card and a back button"},{"failureMessages":[],"status":"passed","title":"CBST1-Create Booking has a flightDetails card to display the flight details choosen by the user"},{"failureMessages":["Error: expect(received).toEqual(expected)\n\nExpected value to equal:\n  true\nReceived:\n  false\n    at Object.<anonymous> (D:\\dikshaS\\workspaceFeb\\Fa_3\\SkyTracks - toTrainee\\SkyTracksUI\\src\\testing\\App.test.js:50:651)\n    at Object.asyncFn (D:\\dikshaS\\workspaceFeb\\Fa_3\\SkyTracks - toTrainee\\SkyTracksUI\\node_modules\\jest-jasmine2\\build\\jasmine-async.js:68:30)\n    at D:\\dikshaS\\workspaceFeb\\Fa_3\\SkyTracks - toTrainee\\SkyTracksUI\\node_modules\\jest-jasmine2\\build\\queueRunner.js:38:12\n    at new Promise (<anonymous>)\n    at mapper (D:\\dikshaS\\workspaceFeb\\Fa_3\\SkyTracks - toTrainee\\SkyTracksUI\\node_modules\\jest-jasmine2\\build\\queueRunner.js:31:21)\n    at D:\\dikshaS\\workspaceFeb\\Fa_3\\SkyTracks - toTrainee\\SkyTracksUI\\node_modules\\p-map\\index.js:46:16\n    at processTicksAndRejections (internal/process/task_queues.js:93:5)"],"status":"failed","title":"CBST2-Create Booking has a flightDetails card that has a book and a home button with proper name attribute"},{"failureMessages":[],"status":"passed","title":"CBST3-Create Booking has select dropdown and input fields with proper name attributes"},{"failureMessages":[],"status":"passed","title":"CBST4-Create Booking component has an add buttton to add passenger details with proper name attribute"},{"failureMessages":["Error: expect(received).toEqual(expected)\n\nExpected value to equal:\n  true\nReceived:\n  false\n    at Object.<anonymous> (D:\\dikshaS\\workspaceFeb\\Fa_3\\SkyTracks - toTrainee\\SkyTracksUI\\src\\testing\\App.test.js:63:327)\n    at Object.asyncFn (D:\\dikshaS\\workspaceFeb\\Fa_3\\SkyTracks - toTrainee\\SkyTracksUI\\node_modules\\jest-jasmine2\\build\\jasmine-async.js:68:30)\n    at D:\\dikshaS\\workspaceFeb\\Fa_3\\SkyTracks - toTrainee\\SkyTracksUI\\node_modules\\jest-jasmine2\\build\\queueRunner.js:38:12\n    at new Promise (<anonymous>)\n    at mapper (D:\\dikshaS\\workspaceFeb\\Fa_3\\SkyTracks - toTrainee\\SkyTracksUI\\node_modules\\jest-jasmine2\\build\\queueRunner.js:31:21)\n    at D:\\dikshaS\\workspaceFeb\\Fa_3\\SkyTracks - toTrainee\\SkyTracksUI\\node_modules\\p-map\\index.js:46:16\n    at processTicksAndRejections (internal/process/task_queues.js:93:5)"],"status":"failed","title":"CBST5-Create Booking component has a card to display the booking details in the success message"},{"failureMessages":[],"status":"passed","title":"CBST6-Create Booking component has a home button in the success message card with proper name attribute"},{"failureMessages":[],"status":"passed","title":"GBST1-Get Booking component has a form with a input field with proper name attribute"},{"failureMessages":[],"status":"passed","title":"GBST2-Get Booking component has a View Details button with proper name attrbute"},{"failureMessages":["TypeError: this.state.bookingData.map is not a function\n    at GetBooking.render (D:\\dikshaS\\workspaceFeb\\Fa_3\\SkyTracks - toTrainee\\SkyTracksUI\\src\\components\\GetBookings.js:66:42)\n    at ReactShallowRenderer._updateClassComponent (D:\\dikshaS\\workspaceFeb\\Fa_3\\SkyTracks - toTrainee\\SkyTracksUI\\node_modules\\react-test-renderer\\cjs\\react-test-renderer-shallow.development.js:948:39)\n    at ReactShallowRenderer.render (D:\\dikshaS\\workspaceFeb\\Fa_3\\SkyTracks - toTrainee\\SkyTracksUI\\node_modules\\react-test-renderer\\cjs\\react-test-renderer-shallow.development.js:781:12)\n    at Updater.enqueueSetState (D:\\dikshaS\\workspaceFeb\\Fa_3\\SkyTracks - toTrainee\\SkyTracksUI\\node_modules\\react-test-renderer\\cjs\\react-test-renderer-shallow.development.js:382:20)\n    at GetBooking.Object.<anonymous>.Component.setState (D:\\dikshaS\\workspaceFeb\\Fa_3\\SkyTracks - toTrainee\\SkyTracksUI\\node_modules\\react\\cjs\\react.development.js:471:16)\n    at D:\\dikshaS\\workspaceFeb\\Fa_3\\SkyTracks - toTrainee\\SkyTracksUI\\node_modules\\enzyme\\build\\ShallowWrapper.js:889:34\n    at withSetStateAllowed (D:\\dikshaS\\workspaceFeb\\Fa_3\\SkyTracks - toTrainee\\SkyTracksUI\\node_modules\\enzyme\\build\\Utils.js:361:3)\n    at ShallowWrapper.<anonymous> (D:\\dikshaS\\workspaceFeb\\Fa_3\\SkyTracks - toTrainee\\SkyTracksUI\\node_modules\\enzyme\\build\\ShallowWrapper.js:846:42)\n    at ShallowWrapper.single (D:\\dikshaS\\workspaceFeb\\Fa_3\\SkyTracks - toTrainee\\SkyTracksUI\\node_modules\\enzyme\\build\\ShallowWrapper.js:2199:25)\n    at ShallowWrapper.setState (D:\\dikshaS\\workspaceFeb\\Fa_3\\SkyTracks - toTrainee\\SkyTracksUI\\node_modules\\enzyme\\build\\ShallowWrapper.js:845:14)\n    at Object.<anonymous> (D:\\dikshaS\\workspaceFeb\\Fa_3\\SkyTracks - toTrainee\\SkyTracksUI\\src\\testing\\App.test.js:81:287)\n    at Object.asyncFn (D:\\dikshaS\\workspaceFeb\\Fa_3\\SkyTracks - toTrainee\\SkyTracksUI\\node_modules\\jest-jasmine2\\build\\jasmine-async.js:68:30)\n    at D:\\dikshaS\\workspaceFeb\\Fa_3\\SkyTracks - toTrainee\\SkyTracksUI\\node_modules\\jest-jasmine2\\build\\queueRunner.js:38:12\n    at new Promise (<anonymous>)\n    at mapper (D:\\dikshaS\\workspaceFeb\\Fa_3\\SkyTracks - toTrainee\\SkyTracksUI\\node_modules\\jest-jasmine2\\build\\queueRunner.js:31:21)\n    at D:\\dikshaS\\workspaceFeb\\Fa_3\\SkyTracks - toTrainee\\SkyTracksUI\\node_modules\\p-map\\index.js:46:16\n    at processTicksAndRejections (internal/process/task_queues.js:93:5)"],"status":"failed","title":"GBST2-Get Booking component displays the booking details in the card body"}],"endTime":1615800987866,"message":"  ● FLIGHT DETAILS COMPONENT › FDST1-Flight Details has h4 tags that display the flight data entered by user\n\n    TypeError: availableFlights.map is not a function\n      \n      at FlightDetails.render (src/components/flightDetails.js:113:179)\n      at ReactShallowRenderer._mountClassComponent (node_modules/react-test-renderer/cjs/react-test-renderer-shallow.development.js:883:37)\n      at ReactShallowRenderer.render (node_modules/react-test-renderer/cjs/react-test-renderer-shallow.development.js:800:14)\n      at renderElement (node_modules/enzyme-adapter-react-16/build/ReactSixteenAdapter.js:786:42)\n      at node_modules/enzyme-adapter-react-16/build/ReactSixteenAdapter.js:923:22\n      at withSetStateAllowed (node_modules/enzyme-adapter-utils/build/Utils.js:178:16)\n      at Object.render (node_modules/enzyme-adapter-react-16/build/ReactSixteenAdapter.js:922:64)\n      at new ShallowWrapper (node_modules/enzyme/build/ShallowWrapper.js:424:22)\n      at shallow (node_modules/enzyme/build/shallow.js:21:10)\n      at Object.<anonymous> (src/testing/App.test.js:28:41)\n          at new Promise (<anonymous>)\n      at node_modules/p-map/index.js:46:16\n      at processTicksAndRejections (internal/process/task_queues.js:93:5)\n\n  ● FLIGHT DETAILS COMPONENT › FDST2-Flight Details has cards to display the details of available flights\n\n    TypeError: availableFlights.map is not a function\n      \n      at FlightDetails.render (src/components/flightDetails.js:113:179)\n      at ReactShallowRenderer._mountClassComponent (node_modules/react-test-renderer/cjs/react-test-renderer-shallow.development.js:883:37)\n      at ReactShallowRenderer.render (node_modules/react-test-renderer/cjs/react-test-renderer-shallow.development.js:800:14)\n      at renderElement (node_modules/enzyme-adapter-react-16/build/ReactSixteenAdapter.js:786:42)\n      at node_modules/enzyme-adapter-react-16/build/ReactSixteenAdapter.js:923:22\n      at withSetStateAllowed (node_modules/enzyme-adapter-utils/build/Utils.js:178:16)\n      at Object.render (node_modules/enzyme-adapter-react-16/build/ReactSixteenAdapter.js:922:64)\n      at new ShallowWrapper (node_modules/enzyme/build/ShallowWrapper.js:424:22)\n      at shallow (node_modules/enzyme/build/shallow.js:21:10)\n      at Object.<anonymous> (src/testing/App.test.js:32:41)\n          at new Promise (<anonymous>)\n      at node_modules/p-map/index.js:46:16\n      at processTicksAndRejections (internal/process/task_queues.js:93:5)\n\n  ● FLIGHT DETAILS COMPONENT › FDST3-Flight Details has an add passenger details buttons with each available flight card and a back button\n\n    TypeError: availableFlights.map is not a function\n      \n      at FlightDetails.render (src/components/flightDetails.js:113:179)\n      at ReactShallowRenderer._mountClassComponent (node_modules/react-test-renderer/cjs/react-test-renderer-shallow.development.js:883:37)\n      at ReactShallowRenderer.render (node_modules/react-test-renderer/cjs/react-test-renderer-shallow.development.js:800:14)\n      at renderElement (node_modules/enzyme-adapter-react-16/build/ReactSixteenAdapter.js:786:42)\n      at node_modules/enzyme-adapter-react-16/build/ReactSixteenAdapter.js:923:22\n      at withSetStateAllowed (node_modules/enzyme-adapter-utils/build/Utils.js:178:16)\n      at Object.render (node_modules/enzyme-adapter-react-16/build/ReactSixteenAdapter.js:922:64)\n      at new ShallowWrapper (node_modules/enzyme/build/ShallowWrapper.js:424:22)\n      at shallow (node_modules/enzyme/build/shallow.js:21:10)\n      at Object.<anonymous> (src/testing/App.test.js:36:41)\n          at new Promise (<anonymous>)\n      at node_modules/p-map/index.js:46:16\n      at processTicksAndRejections (internal/process/task_queues.js:93:5)\n\n  ● CREATE BOOKING COMPONENT › CBST2-Create Booking has a flightDetails card that has a book and a home button with proper name attribute\n\n    expect(received).toEqual(expected)\n    \n    Expected value to equal:\n      true\n    Received:\n      false\n      \n      at Object.<anonymous> (src/testing/App.test.js:50:651)\n          at new Promise (<anonymous>)\n      at node_modules/p-map/index.js:46:16\n      at processTicksAndRejections (internal/process/task_queues.js:93:5)\n\n  ● CREATE BOOKING COMPONENT › CBST5-Create Booking component has a card to display the booking details in the success message\n\n    expect(received).toEqual(expected)\n    \n    Expected value to equal:\n      true\n    Received:\n      false\n      \n      at Object.<anonymous> (src/testing/App.test.js:63:327)\n          at new Promise (<anonymous>)\n      at node_modules/p-map/index.js:46:16\n      at processTicksAndRejections (internal/process/task_queues.js:93:5)\n\n  ● GET BOOKING COMPONENT › GBST2-Get Booking component displays the booking details in the card body\n\n    TypeError: this.state.bookingData.map is not a function\n      \n      at GetBooking.render (src/components/GetBookings.js:66:42)\n      at ReactShallowRenderer._updateClassComponent (node_modules/react-test-renderer/cjs/react-test-renderer-shallow.development.js:948:39)\n      at ReactShallowRenderer.render (node_modules/react-test-renderer/cjs/react-test-renderer-shallow.development.js:781:12)\n      at Updater.enqueueSetState (node_modules/react-test-renderer/cjs/react-test-renderer-shallow.development.js:382:20)\n      at GetBooking.Object.<anonymous>.Component.setState (node_modules/react/cjs/react.development.js:471:16)\n      at node_modules/enzyme/build/ShallowWrapper.js:889:34\n      at withSetStateAllowed (node_modules/enzyme/build/Utils.js:361:3)\n      at ShallowWrapper.<anonymous> (node_modules/enzyme/build/ShallowWrapper.js:846:42)\n      at ShallowWrapper.single (node_modules/enzyme/build/ShallowWrapper.js:2199:25)\n      at ShallowWrapper.setState (node_modules/enzyme/build/ShallowWrapper.js:845:14)\n      at Object.<anonymous> (src/testing/App.test.js:81:287)\n          at new Promise (<anonymous>)\n      at node_modules/p-map/index.js:46:16\n      at processTicksAndRejections (internal/process/task_queues.js:93:5)\n","name":"D:\\dikshaS\\workspaceFeb\\Fa_3\\SkyTracks - toTrainee\\SkyTracksUI\\src\\testing\\App.test.js","startTime":1615800983147,"status":"failed","summary":""}],"wasInterrupted":false,"coverageMap":{"D:\\dikshaS\\workspaceFeb\\Fa_3\\SkyTracks - toTrainee\\SkyTracksUI\\src\\setupTests.js":{"path":"D:\\dikshaS\\workspaceFeb\\Fa_3\\SkyTracks - toTrainee\\SkyTracksUI\\src\\setupTests.js","statementMap":{"0":{"start":{"line":4,"column":0},"end":{"line":4,"column":38}}},"fnMap":{},"branchMap":{},"s":{"0":1},"f":{},"b":{},"_coverageSchema":"332fd63041d2c1bcb487cc26dd0d5f7d97098a6c","hash":"952f33ce9ff55ad2e013856dc199a5fe555c48a3"},"D:\\dikshaS\\workspaceFeb\\Fa_3\\SkyTracks - toTrainee\\SkyTracksUI\\src\\components\\CreateBooking.js":{"path":"D:\\dikshaS\\workspaceFeb\\Fa_3\\SkyTracks - toTrainee\\SkyTracksUI\\src\\components\\CreateBooking.js","statementMap":{"0":{"start":{"line":6,"column":12},"end":{"line":6,"column":47}},"1":{"start":{"line":10,"column":4},"end":{"line":10,"column":17}},"2":{"start":{"line":11,"column":4},"end":{"line":34,"column":6}},"3":{"start":{"line":38,"column":22},"end":{"line":38,"column":47}},"4":{"start":{"line":39,"column":4},"end":{"line":39,"column":60}},"5":{"start":{"line":43,"column":4},"end":{"line":43,"column":27}},"6":{"start":{"line":44,"column":4},"end":{"line":56,"column":6}},"7":{"start":{"line":46,"column":6},"end":{"line":49,"column":8}},"8":{"start":{"line":52,"column":6},"end":{"line":55,"column":8}},"9":{"start":{"line":63,"column":15},"end":{"line":63,"column":32}},"10":{"start":{"line":64,"column":16},"end":{"line":64,"column":34}},"11":{"start":{"line":65,"column":18},"end":{"line":65,"column":28}},"12":{"start":{"line":66,"column":4},"end":{"line":66,"column":21}},"13":{"start":{"line":67,"column":4},"end":{"line":67,"column":31}},"14":{"start":{"line":68,"column":4},"end":{"line":68,"column":34}},"15":{"start":{"line":75,"column":30},"end":{"line":75,"column":57}},"16":{"start":{"line":76,"column":23},"end":{"line":76,"column":43}},"17":{"start":{"line":77,"column":4},"end":{"line":103,"column":5}},"18":{"start":{"line":78,"column":23},"end":{"line":81,"column":73}},"19":{"start":{"line":82,"column":21},"end":{"line":84,"column":50}},"20":{"start":{"line":85,"column":11},"end":{"line":85,"column":17}},"21":{"start":{"line":86,"column":22},"end":{"line":89,"column":72}},"22":{"start":{"line":90,"column":21},"end":{"line":92,"column":49}},"23":{"start":{"line":93,"column":12},"end":{"line":93,"column":18}},"24":{"start":{"line":94,"column":17},"end":{"line":97,"column":67}},"25":{"start":{"line":98,"column":21},"end":{"line":100,"column":44}},"26":{"start":{"line":101,"column":12},"end":{"line":101,"column":18}},"27":{"start":{"line":102,"column":15},"end":{"line":102,"column":21}},"28":{"start":{"line":104,"column":4},"end":{"line":104,"column":98}},"29":{"start":{"line":105,"column":4},"end":{"line":105,"column":80}},"30":{"start":{"line":112,"column":27},"end":{"line":112,"column":51}},"31":{"start":{"line":113,"column":4},"end":{"line":113,"column":43}},"32":{"start":{"line":114,"column":20},"end":{"line":114,"column":64}},"33":{"start":{"line":115,"column":23},"end":{"line":115,"column":85}},"34":{"start":{"line":117,"column":4},"end":{"line":117,"column":88}},"35":{"start":{"line":121,"column":4},"end":{"line":166,"column":5}},"36":{"start":{"line":122,"column":6},"end":{"line":165,"column":7}},"37":{"start":{"line":135,"column":125},"end":{"line":135,"column":145}},"38":{"start":{"line":142,"column":171},"end":{"line":142,"column":191}},"39":{"start":{"line":143,"column":167},"end":{"line":143,"column":187}},"40":{"start":{"line":148,"column":148},"end":{"line":148,"column":168}},"41":{"start":{"line":152,"column":166},"end":{"line":152,"column":189}},"42":{"start":{"line":169,"column":4},"end":{"line":169,"column":85}},"43":{"start":{"line":170,"column":4},"end":{"line":196,"column":5}},"44":{"start":{"line":188,"column":99},"end":{"line":188,"column":127}},"45":{"start":{"line":199,"column":4},"end":{"line":202,"column":5}},"46":{"start":{"line":201,"column":6},"end":{"line":201,"column":38}},"47":{"start":{"line":203,"column":4},"end":{"line":247,"column":5}},"48":{"start":{"line":204,"column":6},"end":{"line":244,"column":7}},"49":{"start":{"line":211,"column":22},"end":{"line":218,"column":23}},"50":{"start":{"line":235,"column":217},"end":{"line":235,"column":228}},"51":{"start":{"line":236,"column":107},"end":{"line":236,"column":135}},"52":{"start":{"line":246,"column":8},"end":{"line":246,"column":44}}},"fnMap":{"0":{"name":"(anonymous_0)","decl":{"start":{"line":9,"column":2},"end":{"line":9,"column":3}},"loc":{"start":{"line":9,"column":21},"end":{"line":35,"column":3}},"line":9},"1":{"name":"(anonymous_1)","decl":{"start":{"line":37,"column":9},"end":{"line":37,"column":10}},"loc":{"start":{"line":37,"column":15},"end":{"line":57,"column":3}},"line":37},"2":{"name":"(anonymous_2)","decl":{"start":{"line":45,"column":10},"end":{"line":45,"column":11}},"loc":{"start":{"line":45,"column":17},"end":{"line":51,"column":5}},"line":45},"3":{"name":"(anonymous_3)","decl":{"start":{"line":51,"column":13},"end":{"line":51,"column":14}},"loc":{"start":{"line":51,"column":18},"end":{"line":56,"column":5}},"line":51},"4":{"name":"(anonymous_4)","decl":{"start":{"line":59,"column":17},"end":{"line":59,"column":18}},"loc":{"start":{"line":59,"column":26},"end":{"line":70,"column":3}},"line":59},"5":{"name":"(anonymous_5)","decl":{"start":{"line":72,"column":18},"end":{"line":72,"column":19}},"loc":{"start":{"line":72,"column":40},"end":{"line":106,"column":3}},"line":72},"6":{"name":"(anonymous_6)","decl":{"start":{"line":107,"column":21},"end":{"line":107,"column":22}},"loc":{"start":{"line":107,"column":25},"end":{"line":119,"column":3}},"line":107},"7":{"name":"(anonymous_7)","decl":{"start":{"line":120,"column":21},"end":{"line":120,"column":22}},"loc":{"start":{"line":120,"column":25},"end":{"line":167,"column":3}},"line":120},"8":{"name":"(anonymous_8)","decl":{"start":{"line":135,"column":120},"end":{"line":135,"column":121}},"loc":{"start":{"line":135,"column":125},"end":{"line":135,"column":145}},"line":135},"9":{"name":"(anonymous_9)","decl":{"start":{"line":142,"column":166},"end":{"line":142,"column":167}},"loc":{"start":{"line":142,"column":171},"end":{"line":142,"column":191}},"line":142},"10":{"name":"(anonymous_10)","decl":{"start":{"line":143,"column":162},"end":{"line":143,"column":163}},"loc":{"start":{"line":143,"column":167},"end":{"line":143,"column":187}},"line":143},"11":{"name":"(anonymous_11)","decl":{"start":{"line":148,"column":143},"end":{"line":148,"column":144}},"loc":{"start":{"line":148,"column":148},"end":{"line":148,"column":168}},"line":148},"12":{"name":"(anonymous_12)","decl":{"start":{"line":152,"column":162},"end":{"line":152,"column":163}},"loc":{"start":{"line":152,"column":166},"end":{"line":152,"column":189}},"line":152},"13":{"name":"(anonymous_13)","decl":{"start":{"line":168,"column":24},"end":{"line":168,"column":25}},"loc":{"start":{"line":168,"column":28},"end":{"line":197,"column":3}},"line":168},"14":{"name":"(anonymous_14)","decl":{"start":{"line":188,"column":95},"end":{"line":188,"column":96}},"loc":{"start":{"line":188,"column":99},"end":{"line":188,"column":127}},"line":188},"15":{"name":"(anonymous_15)","decl":{"start":{"line":198,"column":2},"end":{"line":198,"column":3}},"loc":{"start":{"line":198,"column":11},"end":{"line":248,"column":3}},"line":198},"16":{"name":"(anonymous_16)","decl":{"start":{"line":210,"column":49},"end":{"line":210,"column":50}},"loc":{"start":{"line":210,"column":68},"end":{"line":219,"column":21}},"line":210},"17":{"name":"(anonymous_17)","decl":{"start":{"line":235,"column":213},"end":{"line":235,"column":214}},"loc":{"start":{"line":235,"column":217},"end":{"line":235,"column":228}},"line":235},"18":{"name":"(anonymous_18)","decl":{"start":{"line":236,"column":103},"end":{"line":236,"column":104}},"loc":{"start":{"line":236,"column":107},"end":{"line":236,"column":135}},"line":236}},"branchMap":{"0":{"loc":{"start":{"line":77,"column":4},"end":{"line":103,"column":5}},"type":"switch","locations":[{"start":{"line":78,"column":6},"end":{"line":85,"column":17}},{"start":{"line":86,"column":6},"end":{"line":93,"column":18}},{"start":{"line":94,"column":6},"end":{"line":101,"column":18}},{"start":{"line":102,"column":6},"end":{"line":102,"column":21}}],"line":77},"1":{"loc":{"start":{"line":78,"column":23},"end":{"line":81,"column":72}},"type":"cond-expr","locations":[{"start":{"line":78,"column":37},"end":{"line":80,"column":89}},{"start":{"line":81,"column":21},"end":{"line":81,"column":72}}],"line":78},"2":{"loc":{"start":{"line":78,"column":37},"end":{"line":80,"column":89}},"type":"cond-expr","locations":[{"start":{"line":79,"column":21},"end":{"line":79,"column":58}},{"start":{"line":80,"column":21},"end":{"line":80,"column":89}}],"line":78},"3":{"loc":{"start":{"line":82,"column":21},"end":{"line":84,"column":49}},"type":"cond-expr","locations":[{"start":{"line":83,"column":21},"end":{"line":83,"column":48}},{"start":{"line":84,"column":21},"end":{"line":84,"column":49}}],"line":82},"4":{"loc":{"start":{"line":86,"column":22},"end":{"line":89,"column":71}},"type":"cond-expr","locations":[{"start":{"line":86,"column":36},"end":{"line":88,"column":87}},{"start":{"line":89,"column":21},"end":{"line":89,"column":71}}],"line":86},"5":{"loc":{"start":{"line":86,"column":36},"end":{"line":88,"column":87}},"type":"cond-expr","locations":[{"start":{"line":87,"column":21},"end":{"line":87,"column":57}},{"start":{"line":88,"column":21},"end":{"line":88,"column":87}}],"line":86},"6":{"loc":{"start":{"line":90,"column":21},"end":{"line":92,"column":48}},"type":"cond-expr","locations":[{"start":{"line":91,"column":21},"end":{"line":91,"column":47}},{"start":{"line":92,"column":21},"end":{"line":92,"column":48}}],"line":90},"7":{"loc":{"start":{"line":94,"column":17},"end":{"line":97,"column":66}},"type":"cond-expr","locations":[{"start":{"line":94,"column":31},"end":{"line":96,"column":111}},{"start":{"line":97,"column":21},"end":{"line":97,"column":66}}],"line":94},"8":{"loc":{"start":{"line":94,"column":31},"end":{"line":96,"column":111}},"type":"cond-expr","locations":[{"start":{"line":95,"column":21},"end":{"line":95,"column":52}},{"start":{"line":96,"column":21},"end":{"line":96,"column":111}}],"line":94},"9":{"loc":{"start":{"line":94,"column":32},"end":{"line":94,"column":53}},"type":"binary-expr","locations":[{"start":{"line":94,"column":32},"end":{"line":94,"column":40}},{"start":{"line":94,"column":44},"end":{"line":94,"column":53}}],"line":94},"10":{"loc":{"start":{"line":98,"column":21},"end":{"line":100,"column":43}},"type":"cond-expr","locations":[{"start":{"line":99,"column":21},"end":{"line":99,"column":42}},{"start":{"line":100,"column":21},"end":{"line":100,"column":43}}],"line":98},"11":{"loc":{"start":{"line":98,"column":22},"end":{"line":98,"column":43}},"type":"binary-expr","locations":[{"start":{"line":98,"column":22},"end":{"line":98,"column":30}},{"start":{"line":98,"column":34},"end":{"line":98,"column":43}}],"line":98},"12":{"loc":{"start":{"line":104,"column":30},"end":{"line":104,"column":97}},"type":"binary-expr","locations":[{"start":{"line":104,"column":30},"end":{"line":104,"column":52}},{"start":{"line":104,"column":56},"end":{"line":104,"column":77}},{"start":{"line":104,"column":81},"end":{"line":104,"column":97}}],"line":104},"13":{"loc":{"start":{"line":121,"column":4},"end":{"line":166,"column":5}},"type":"if","locations":[{"start":{"line":121,"column":4},"end":{"line":166,"column":5}},{"start":{"line":121,"column":4},"end":{"line":166,"column":5}}],"line":121},"14":{"loc":{"start":{"line":199,"column":4},"end":{"line":202,"column":5}},"type":"if","locations":[{"start":{"line":199,"column":4},"end":{"line":202,"column":5}},{"start":{"line":199,"column":4},"end":{"line":202,"column":5}}],"line":199},"15":{"loc":{"start":{"line":203,"column":4},"end":{"line":247,"column":5}},"type":"if","locations":[{"start":{"line":203,"column":4},"end":{"line":247,"column":5}},{"start":{"line":203,"column":4},"end":{"line":247,"column":5}}],"line":203},"16":{"loc":{"start":{"line":209,"column":18},"end":{"line":220,"column":25}},"type":"cond-expr","locations":[{"start":{"line":210,"column":20},"end":{"line":219,"column":22}},{"start":{"line":220,"column":21},"end":{"line":220,"column":25}}],"line":209},"17":{"loc":{"start":{"line":235,"column":91},"end":{"line":235,"column":183}},"type":"cond-expr","locations":[{"start":{"line":235,"column":173},"end":{"line":235,"column":178}},{"start":{"line":235,"column":179},"end":{"line":235,"column":183}}],"line":235}},"s":{"0":1,"1":6,"2":6,"3":0,"4":0,"5":0,"6":0,"7":0,"8":0,"9":0,"10":0,"11":0,"12":0,"13":0,"14":0,"15":0,"16":0,"17":0,"18":0,"19":0,"20":0,"21":0,"22":0,"23":0,"24":0,"25":0,"26":0,"27":0,"28":0,"29":0,"30":0,"31":0,"32":0,"33":0,"34":0,"35":6,"36":6,"37":0,"38":0,"39":0,"40":0,"41":0,"42":2,"43":2,"44":0,"45":8,"46":0,"47":8,"48":6,"49":0,"50":0,"51":0,"52":2},"f":{"0":6,"1":0,"2":0,"3":0,"4":0,"5":0,"6":0,"7":6,"8":0,"9":0,"10":0,"11":0,"12":0,"13":2,"14":0,"15":8,"16":0,"17":0,"18":0},"b":{"0":[0,0,0,0],"1":[0,0],"2":[0,0],"3":[0,0],"4":[0,0],"5":[0,0],"6":[0,0],"7":[0,0],"8":[0,0],"9":[0,0],"10":[0,0],"11":[0,0],"12":[0,0,0],"13":[6,0],"14":[0,8],"15":[6,2],"16":[0,6],"17":[0,6]},"_coverageSchema":"332fd63041d2c1bcb487cc26dd0d5f7d97098a6c","hash":"0ac9b7609a1f54e93f888f0cd787c7c14f9fd077"},"D:\\dikshaS\\workspaceFeb\\Fa_3\\SkyTracks - toTrainee\\SkyTracksUI\\src\\components\\GetFlights.js":{"path":"D:\\dikshaS\\workspaceFeb\\Fa_3\\SkyTracks - toTrainee\\SkyTracksUI\\src\\components\\GetFlights.js","statementMap":{"0":{"start":{"line":7,"column":12},"end":{"line":7,"column":47}},"1":{"start":{"line":11,"column":8},"end":{"line":11,"column":21}},"2":{"start":{"line":12,"column":8},"end":{"line":35,"column":9}},"3":{"start":{"line":40,"column":22},"end":{"line":40,"column":85}},"4":{"start":{"line":41,"column":8},"end":{"line":41,"column":46}},"5":{"start":{"line":42,"column":8},"end":{"line":48,"column":10}},"6":{"start":{"line":43,"column":12},"end":{"line":43,"column":34}},"7":{"start":{"line":44,"column":12},"end":{"line":44,"column":70}},"8":{"start":{"line":46,"column":12},"end":{"line":46,"column":41}},"9":{"start":{"line":47,"column":12},"end":{"line":47,"column":87}},"10":{"start":{"line":53,"column":8},"end":{"line":53,"column":31}},"11":{"start":{"line":54,"column":8},"end":{"line":54,"column":29}},"12":{"start":{"line":60,"column":19},"end":{"line":60,"column":36}},"13":{"start":{"line":61,"column":20},"end":{"line":61,"column":38}},"14":{"start":{"line":62,"column":21},"end":{"line":62,"column":31}},"15":{"start":{"line":63,"column":8},"end":{"line":63,"column":25}},"16":{"start":{"line":64,"column":8},"end":{"line":64,"column":35}},"17":{"start":{"line":65,"column":8},"end":{"line":65,"column":39}},"18":{"start":{"line":70,"column":34},"end":{"line":70,"column":61}},"19":{"start":{"line":71,"column":27},"end":{"line":71,"column":47}},"20":{"start":{"line":72,"column":20},"end":{"line":72,"column":30}},"21":{"start":{"line":73,"column":20},"end":{"line":73,"column":35}},"22":{"start":{"line":74,"column":8},"end":{"line":74,"column":51}},"23":{"start":{"line":75,"column":8},"end":{"line":110,"column":9}},"24":{"start":{"line":76,"column":26},"end":{"line":79,"column":76}},"25":{"start":{"line":80,"column":27},"end":{"line":82,"column":58}},"26":{"start":{"line":83,"column":17},"end":{"line":83,"column":23}},"27":{"start":{"line":84,"column":31},"end":{"line":87,"column":85}},"28":{"start":{"line":88,"column":31},"end":{"line":90,"column":67}},"29":{"start":{"line":91,"column":17},"end":{"line":91,"column":23}},"30":{"start":{"line":92,"column":33},"end":{"line":95,"column":90}},"31":{"start":{"line":96,"column":34},"end":{"line":98,"column":72}},"32":{"start":{"line":99,"column":17},"end":{"line":99,"column":23}},"33":{"start":{"line":100,"column":31},"end":{"line":104,"column":85}},"34":{"start":{"line":105,"column":31},"end":{"line":107,"column":67}},"35":{"start":{"line":108,"column":17},"end":{"line":108,"column":23}},"36":{"start":{"line":109,"column":21},"end":{"line":109,"column":27}},"37":{"start":{"line":111,"column":8},"end":{"line":113,"column":9}},"38":{"start":{"line":112,"column":12},"end":{"line":112,"column":45}},"39":{"start":{"line":114,"column":8},"end":{"line":114,"column":84}},"40":{"start":{"line":117,"column":79},"end":{"line":117,"column":89}},"41":{"start":{"line":118,"column":8},"end":{"line":118,"column":59}},"42":{"start":{"line":119,"column":8},"end":{"line":164,"column":9}},"43":{"start":{"line":121,"column":12},"end":{"line":121,"column":104}},"44":{"start":{"line":123,"column":12},"end":{"line":163,"column":13}},"45":{"start":{"line":132,"column":82},"end":{"line":132,"column":102}},"46":{"start":{"line":135,"column":176},"end":{"line":135,"column":196}},"47":{"start":{"line":140,"column":196},"end":{"line":140,"column":216}},"48":{"start":{"line":145,"column":177},"end":{"line":145,"column":197}},"49":{"start":{"line":150,"column":200},"end":{"line":150,"column":220}}},"fnMap":{"0":{"name":"(anonymous_0)","decl":{"start":{"line":10,"column":4},"end":{"line":10,"column":5}},"loc":{"start":{"line":10,"column":22},"end":{"line":36,"column":5}},"line":10},"1":{"name":"(anonymous_1)","decl":{"start":{"line":37,"column":20},"end":{"line":37,"column":21}},"loc":{"start":{"line":37,"column":26},"end":{"line":49,"column":5}},"line":37},"2":{"name":"(anonymous_2)","decl":{"start":{"line":42,"column":31},"end":{"line":42,"column":32}},"loc":{"start":{"line":42,"column":38},"end":{"line":45,"column":9}},"line":42},"3":{"name":"(anonymous_3)","decl":{"start":{"line":45,"column":17},"end":{"line":45,"column":18}},"loc":{"start":{"line":45,"column":22},"end":{"line":48,"column":9}},"line":45},"4":{"name":"(anonymous_4)","decl":{"start":{"line":50,"column":19},"end":{"line":50,"column":20}},"loc":{"start":{"line":50,"column":28},"end":{"line":55,"column":5}},"line":50},"5":{"name":"(anonymous_5)","decl":{"start":{"line":56,"column":19},"end":{"line":56,"column":20}},"loc":{"start":{"line":56,"column":28},"end":{"line":66,"column":5}},"line":56},"6":{"name":"(anonymous_6)","decl":{"start":{"line":67,"column":20},"end":{"line":67,"column":21}},"loc":{"start":{"line":67,"column":42},"end":{"line":115,"column":5}},"line":67},"7":{"name":"(anonymous_7)","decl":{"start":{"line":116,"column":4},"end":{"line":116,"column":5}},"loc":{"start":{"line":116,"column":12},"end":{"line":165,"column":5}},"line":116},"8":{"name":"(anonymous_8)","decl":{"start":{"line":132,"column":73},"end":{"line":132,"column":74}},"loc":{"start":{"line":132,"column":80},"end":{"line":132,"column":104}},"line":132},"9":{"name":"(anonymous_9)","decl":{"start":{"line":135,"column":169},"end":{"line":135,"column":170}},"loc":{"start":{"line":135,"column":176},"end":{"line":135,"column":196}},"line":135},"10":{"name":"(anonymous_10)","decl":{"start":{"line":140,"column":189},"end":{"line":140,"column":190}},"loc":{"start":{"line":140,"column":196},"end":{"line":140,"column":216}},"line":140},"11":{"name":"(anonymous_11)","decl":{"start":{"line":145,"column":170},"end":{"line":145,"column":171}},"loc":{"start":{"line":145,"column":177},"end":{"line":145,"column":197}},"line":145},"12":{"name":"(anonymous_12)","decl":{"start":{"line":150,"column":193},"end":{"line":150,"column":194}},"loc":{"start":{"line":150,"column":200},"end":{"line":150,"column":220}},"line":150}},"branchMap":{"0":{"loc":{"start":{"line":75,"column":8},"end":{"line":110,"column":9}},"type":"switch","locations":[{"start":{"line":76,"column":12},"end":{"line":83,"column":23}},{"start":{"line":84,"column":12},"end":{"line":91,"column":23}},{"start":{"line":92,"column":12},"end":{"line":99,"column":23}},{"start":{"line":100,"column":12},"end":{"line":108,"column":23}},{"start":{"line":109,"column":12},"end":{"line":109,"column":27}}],"line":75},"1":{"loc":{"start":{"line":76,"column":26},"end":{"line":79,"column":75}},"type":"cond-expr","locations":[{"start":{"line":76,"column":40},"end":{"line":78,"column":93}},{"start":{"line":79,"column":27},"end":{"line":79,"column":75}}],"line":76},"2":{"loc":{"start":{"line":76,"column":40},"end":{"line":78,"column":93}},"type":"cond-expr","locations":[{"start":{"line":77,"column":27},"end":{"line":77,"column":61}},{"start":{"line":78,"column":27},"end":{"line":78,"column":93}}],"line":76},"3":{"loc":{"start":{"line":80,"column":27},"end":{"line":82,"column":57}},"type":"cond-expr","locations":[{"start":{"line":81,"column":27},"end":{"line":81,"column":56}},{"start":{"line":82,"column":27},"end":{"line":82,"column":57}}],"line":80},"4":{"loc":{"start":{"line":84,"column":31},"end":{"line":87,"column":84}},"type":"cond-expr","locations":[{"start":{"line":84,"column":45},"end":{"line":86,"column":107}},{"start":{"line":87,"column":31},"end":{"line":87,"column":84}}],"line":84},"5":{"loc":{"start":{"line":84,"column":45},"end":{"line":86,"column":107}},"type":"cond-expr","locations":[{"start":{"line":85,"column":31},"end":{"line":85,"column":70}},{"start":{"line":86,"column":31},"end":{"line":86,"column":107}}],"line":84},"6":{"loc":{"start":{"line":88,"column":31},"end":{"line":90,"column":66}},"type":"cond-expr","locations":[{"start":{"line":89,"column":31},"end":{"line":89,"column":65}},{"start":{"line":90,"column":31},"end":{"line":90,"column":66}}],"line":88},"7":{"loc":{"start":{"line":92,"column":33},"end":{"line":95,"column":89}},"type":"cond-expr","locations":[{"start":{"line":92,"column":47},"end":{"line":94,"column":112}},{"start":{"line":95,"column":34},"end":{"line":95,"column":89}}],"line":92},"8":{"loc":{"start":{"line":92,"column":47},"end":{"line":94,"column":112}},"type":"cond-expr","locations":[{"start":{"line":93,"column":34},"end":{"line":93,"column":75}},{"start":{"line":94,"column":34},"end":{"line":94,"column":112}}],"line":92},"9":{"loc":{"start":{"line":96,"column":34},"end":{"line":98,"column":71}},"type":"cond-expr","locations":[{"start":{"line":97,"column":34},"end":{"line":97,"column":70}},{"start":{"line":98,"column":34},"end":{"line":98,"column":71}}],"line":96},"10":{"loc":{"start":{"line":100,"column":31},"end":{"line":104,"column":84}},"type":"cond-expr","locations":[{"start":{"line":100,"column":45},"end":{"line":103,"column":109}},{"start":{"line":104,"column":31},"end":{"line":104,"column":84}}],"line":100},"11":{"loc":{"start":{"line":100,"column":45},"end":{"line":103,"column":109}},"type":"cond-expr","locations":[{"start":{"line":100,"column":57},"end":{"line":102,"column":112}},{"start":{"line":103,"column":31},"end":{"line":103,"column":109}}],"line":100},"12":{"loc":{"start":{"line":100,"column":57},"end":{"line":102,"column":112}},"type":"cond-expr","locations":[{"start":{"line":101,"column":31},"end":{"line":101,"column":70}},{"start":{"line":102,"column":31},"end":{"line":102,"column":112}}],"line":100},"13":{"loc":{"start":{"line":105,"column":31},"end":{"line":107,"column":66}},"type":"cond-expr","locations":[{"start":{"line":106,"column":31},"end":{"line":106,"column":65}},{"start":{"line":107,"column":31},"end":{"line":107,"column":66}}],"line":105},"14":{"loc":{"start":{"line":105,"column":32},"end":{"line":105,"column":51}},"type":"binary-expr","locations":[{"start":{"line":105,"column":32},"end":{"line":105,"column":40}},{"start":{"line":105,"column":43},"end":{"line":105,"column":51}}],"line":105},"15":{"loc":{"start":{"line":111,"column":8},"end":{"line":113,"column":9}},"type":"if","locations":[{"start":{"line":111,"column":8},"end":{"line":113,"column":9}},{"start":{"line":111,"column":8},"end":{"line":113,"column":9}}],"line":111},"16":{"loc":{"start":{"line":111,"column":11},"end":{"line":111,"column":136}},"type":"binary-expr","locations":[{"start":{"line":111,"column":11},"end":{"line":111,"column":35}},{"start":{"line":111,"column":39},"end":{"line":111,"column":68}},{"start":{"line":111,"column":72},"end":{"line":111,"column":103}},{"start":{"line":111,"column":107},"end":{"line":111,"column":136}}],"line":111},"17":{"loc":{"start":{"line":119,"column":8},"end":{"line":164,"column":9}},"type":"if","locations":[{"start":{"line":119,"column":8},"end":{"line":164,"column":9}},{"start":{"line":119,"column":8},"end":{"line":164,"column":9}}],"line":119}},"s":{"0":1,"1":3,"2":3,"3":0,"4":0,"5":0,"6":0,"7":0,"8":0,"9":0,"10":0,"11":0,"12":0,"13":0,"14":0,"15":0,"16":0,"17":0,"18":0,"19":0,"20":0,"21":0,"22":0,"23":0,"24":0,"25":0,"26":0,"27":0,"28":0,"29":0,"30":0,"31":0,"32":0,"33":0,"34":0,"35":0,"36":0,"37":0,"38":0,"39":0,"40":3,"41":3,"42":3,"43":0,"44":3,"45":0,"46":0,"47":0,"48":0,"49":0},"f":{"0":3,"1":0,"2":0,"3":0,"4":0,"5":0,"6":0,"7":3,"8":0,"9":0,"10":0,"11":0,"12":0},"b":{"0":[0,0,0,0,0],"1":[0,0],"2":[0,0],"3":[0,0],"4":[0,0],"5":[0,0],"6":[0,0],"7":[0,0],"8":[0,0],"9":[0,0],"10":[0,0],"11":[0,0],"12":[0,0],"13":[0,0],"14":[0,0],"15":[0,0],"16":[0,0,0,0],"17":[0,3]},"_coverageSchema":"332fd63041d2c1bcb487cc26dd0d5f7d97098a6c","hash":"9022f1b0a30f07f4921ce08ee923d0c63e49e07a"},"D:\\dikshaS\\workspaceFeb\\Fa_3\\SkyTracks - toTrainee\\SkyTracksUI\\src\\components\\flightDetails.js":{"path":"D:\\dikshaS\\workspaceFeb\\Fa_3\\SkyTracks - toTrainee\\SkyTracksUI\\src\\components\\flightDetails.js","statementMap":{"0":{"start":{"line":8,"column":8},"end":{"line":8,"column":21}},"1":{"start":{"line":9,"column":8},"end":{"line":15,"column":9}},"2":{"start":{"line":18,"column":8},"end":{"line":18,"column":68}},"3":{"start":{"line":19,"column":8},"end":{"line":29,"column":10}},"4":{"start":{"line":71,"column":33},"end":{"line":71,"column":43}},"5":{"start":{"line":72,"column":8},"end":{"line":72,"column":50}},"6":{"start":{"line":73,"column":8},"end":{"line":156,"column":9}},"7":{"start":{"line":75,"column":12},"end":{"line":75,"column":32}},"8":{"start":{"line":77,"column":13},"end":{"line":156,"column":9}},"9":{"start":{"line":79,"column":12},"end":{"line":79,"column":78}},"10":{"start":{"line":81,"column":12},"end":{"line":155,"column":13}},"11":{"start":{"line":108,"column":77},"end":{"line":108,"column":115}},"12":{"start":{"line":114,"column":32},"end":{"line":147,"column":38}},"13":{"start":{"line":116,"column":40},"end":{"line":143,"column":46}},"14":{"start":{"line":135,"column":127},"end":{"line":135,"column":206}}},"fnMap":{"0":{"name":"(anonymous_0)","decl":{"start":{"line":7,"column":4},"end":{"line":7,"column":5}},"loc":{"start":{"line":7,"column":22},"end":{"line":16,"column":5}},"line":7},"1":{"name":"(anonymous_1)","decl":{"start":{"line":17,"column":24},"end":{"line":17,"column":25}},"loc":{"start":{"line":17,"column":55},"end":{"line":30,"column":5}},"line":17},"2":{"name":"(anonymous_2)","decl":{"start":{"line":70,"column":4},"end":{"line":70,"column":5}},"loc":{"start":{"line":70,"column":12},"end":{"line":157,"column":5}},"line":70},"3":{"name":"(anonymous_3)","decl":{"start":{"line":108,"column":73},"end":{"line":108,"column":74}},"loc":{"start":{"line":108,"column":77},"end":{"line":108,"column":115}},"line":108},"4":{"name":"(anonymous_4)","decl":{"start":{"line":113,"column":70},"end":{"line":113,"column":71}},"loc":{"start":{"line":114,"column":32},"end":{"line":147,"column":38}},"line":114},"5":{"name":"(anonymous_5)","decl":{"start":{"line":115,"column":57},"end":{"line":115,"column":58}},"loc":{"start":{"line":116,"column":40},"end":{"line":143,"column":46}},"line":116},"6":{"name":"(anonymous_6)","decl":{"start":{"line":135,"column":121},"end":{"line":135,"column":122}},"loc":{"start":{"line":135,"column":127},"end":{"line":135,"column":206}},"line":135}},"branchMap":{"0":{"loc":{"start":{"line":73,"column":8},"end":{"line":156,"column":9}},"type":"if","locations":[{"start":{"line":73,"column":8},"end":{"line":156,"column":9}},{"start":{"line":73,"column":8},"end":{"line":156,"column":9}}],"line":73},"1":{"loc":{"start":{"line":77,"column":13},"end":{"line":156,"column":9}},"type":"if","locations":[{"start":{"line":77,"column":13},"end":{"line":156,"column":9}},{"start":{"line":77,"column":13},"end":{"line":156,"column":9}}],"line":77},"2":{"loc":{"start":{"line":113,"column":29},"end":{"line":151,"column":30}},"type":"binary-expr","locations":[{"start":{"line":113,"column":29},"end":{"line":113,"column":45}},{"start":{"line":113,"column":49},"end":{"line":151,"column":30}}],"line":113}},"s":{"0":3,"1":3,"2":0,"3":0,"4":3,"5":3,"6":3,"7":0,"8":3,"9":0,"10":3,"11":0,"12":0,"13":0,"14":0},"f":{"0":3,"1":0,"2":3,"3":0,"4":0,"5":0,"6":0},"b":{"0":[0,3],"1":[0,3],"2":[3,3]},"_coverageSchema":"332fd63041d2c1bcb487cc26dd0d5f7d97098a6c","hash":"3aeca15ddc7f7dff7b3e8f2b6cdd530299efdafb"},"D:\\dikshaS\\workspaceFeb\\Fa_3\\SkyTracks - toTrainee\\SkyTracksUI\\src\\components\\BookingDetailsCard.js":{"path":"D:\\dikshaS\\workspaceFeb\\Fa_3\\SkyTracks - toTrainee\\SkyTracksUI\\src\\components\\BookingDetailsCard.js","statementMap":{"0":{"start":{"line":4,"column":4},"end":{"line":4,"column":46}},"1":{"start":{"line":5,"column":4},"end":{"line":20,"column":5}}},"fnMap":{"0":{"name":"BookingDetailsCard","decl":{"start":{"line":3,"column":24},"end":{"line":3,"column":42}},"loc":{"start":{"line":3,"column":49},"end":{"line":21,"column":1}},"line":3}},"branchMap":{},"s":{"0":0,"1":0},"f":{"0":0},"b":{},"_coverageSchema":"332fd63041d2c1bcb487cc26dd0d5f7d97098a6c","hash":"4a07b6bd7e7c8f4e463a7d1fb57f97c222ac9df9"},"D:\\dikshaS\\workspaceFeb\\Fa_3\\SkyTracks - toTrainee\\SkyTracksUI\\src\\components\\GetBookings.js":{"path":"D:\\dikshaS\\workspaceFeb\\Fa_3\\SkyTracks - toTrainee\\SkyTracksUI\\src\\components\\GetBookings.js","statementMap":{"0":{"start":{"line":7,"column":12},"end":{"line":7,"column":55}},"1":{"start":{"line":11,"column":4},"end":{"line":11,"column":17}},"2":{"start":{"line":12,"column":4},"end":{"line":16,"column":6}},"3":{"start":{"line":22,"column":4},"end":{"line":22,"column":31}},"4":{"start":{"line":23,"column":17},"end":{"line":23,"column":43}},"5":{"start":{"line":24,"column":4},"end":{"line":24,"column":50}},"6":{"start":{"line":25,"column":4},"end":{"line":30,"column":6}},"7":{"start":{"line":26,"column":6},"end":{"line":26,"column":29}},"8":{"start":{"line":27,"column":6},"end":{"line":27,"column":60}},"9":{"start":{"line":29,"column":6},"end":{"line":29,"column":77}},"10":{"start":{"line":34,"column":4},"end":{"line":34,"column":27}},"11":{"start":{"line":35,"column":4},"end":{"line":35,"column":24}},"12":{"start":{"line":39,"column":18},"end":{"line":39,"column":36}},"13":{"start":{"line":40,"column":4},"end":{"line":40,"column":39}},"14":{"start":{"line":44,"column":4},"end":{"line":44,"column":57}},"15":{"start":{"line":45,"column":4},"end":{"line":81,"column":6}},"16":{"start":{"line":58,"column":178},"end":{"line":58,"column":198}},"17":{"start":{"line":60,"column":113},"end":{"line":60,"column":133}},"18":{"start":{"line":67,"column":24},"end":{"line":72,"column":30}}},"fnMap":{"0":{"name":"(anonymous_0)","decl":{"start":{"line":10,"column":2},"end":{"line":10,"column":3}},"loc":{"start":{"line":10,"column":21},"end":{"line":17,"column":3}},"line":10},"1":{"name":"(anonymous_1)","decl":{"start":{"line":19,"column":17},"end":{"line":19,"column":18}},"loc":{"start":{"line":19,"column":23},"end":{"line":32,"column":3}},"line":19},"2":{"name":"(anonymous_2)","decl":{"start":{"line":25,"column":27},"end":{"line":25,"column":28}},"loc":{"start":{"line":25,"column":34},"end":{"line":28,"column":5}},"line":25},"3":{"name":"(anonymous_3)","decl":{"start":{"line":28,"column":13},"end":{"line":28,"column":14}},"loc":{"start":{"line":28,"column":18},"end":{"line":30,"column":5}},"line":28},"4":{"name":"(anonymous_4)","decl":{"start":{"line":33,"column":15},"end":{"line":33,"column":16}},"loc":{"start":{"line":33,"column":24},"end":{"line":36,"column":3}},"line":33},"5":{"name":"(anonymous_5)","decl":{"start":{"line":37,"column":17},"end":{"line":37,"column":18}},"loc":{"start":{"line":37,"column":26},"end":{"line":41,"column":3}},"line":37},"6":{"name":"(anonymous_6)","decl":{"start":{"line":43,"column":2},"end":{"line":43,"column":3}},"loc":{"start":{"line":43,"column":11},"end":{"line":82,"column":3}},"line":43},"7":{"name":"(anonymous_7)","decl":{"start":{"line":58,"column":173},"end":{"line":58,"column":174}},"loc":{"start":{"line":58,"column":178},"end":{"line":58,"column":198}},"line":58},"8":{"name":"(anonymous_8)","decl":{"start":{"line":60,"column":108},"end":{"line":60,"column":109}},"loc":{"start":{"line":60,"column":113},"end":{"line":60,"column":133}},"line":60},"9":{"name":"(anonymous_9)","decl":{"start":{"line":66,"column":49},"end":{"line":66,"column":50}},"loc":{"start":{"line":67,"column":24},"end":{"line":72,"column":30}},"line":67}},"branchMap":{"0":{"loc":{"start":{"line":64,"column":20},"end":{"line":73,"column":26}},"type":"cond-expr","locations":[{"start":{"line":66,"column":22},"end":{"line":72,"column":34}},{"start":{"line":73,"column":22},"end":{"line":73,"column":26}}],"line":64}},"s":{"0":1,"1":3,"2":3,"3":0,"4":0,"5":0,"6":0,"7":0,"8":0,"9":0,"10":0,"11":0,"12":0,"13":0,"14":4,"15":4,"16":0,"17":0,"18":0},"f":{"0":3,"1":0,"2":0,"3":0,"4":0,"5":0,"6":4,"7":0,"8":0,"9":0},"b":{"0":[1,3]},"_coverageSchema":"332fd63041d2c1bcb487cc26dd0d5f7d97098a6c","hash":"522688779a918d60ffd815add80da1c706167708"},"D:\\dikshaS\\workspaceFeb\\Fa_3\\SkyTracks - toTrainee\\SkyTracksUI\\src\\index.js":{"path":"D:\\dikshaS\\workspaceFeb\\Fa_3\\SkyTracks - toTrainee\\SkyTracksUI\\src\\index.js","statementMap":{"0":{"start":{"line":1,"column":32},"end":{"line":1,"column":116}},"1":{"start":{"line":1,"column":130},"end":{"line":1,"column":146}},"2":{"start":{"line":1,"column":161},"end":{"line":1,"column":191}},"3":{"start":{"line":2,"column":16},"end":{"line":2,"column":36}},"4":{"start":{"line":2,"column":54},"end":{"line":2,"column":87}},"5":{"start":{"line":3,"column":0},"end":{"line":3,"column":23}},"6":{"start":{"line":4,"column":11},"end":{"line":4,"column":27}},"7":{"start":{"line":4,"column":40},"end":{"line":4,"column":68}},"8":{"start":{"line":5,"column":29},"end":{"line":5,"column":63}},"9":{"start":{"line":5,"column":94},"end":{"line":5,"column":140}},"10":{"start":{"line":6,"column":0},"end":{"line":6,"column":48}},"11":{"start":{"line":7,"column":0},"end":{"line":7,"column":33}},"12":{"start":{"line":8,"column":0},"end":{"line":8,"column":46}},"13":{"start":{"line":8,"column":84},"end":{"line":8,"column":138}},"14":{"start":{"line":10,"column":0},"end":{"line":10,"column":182}},"15":{"start":{"line":12,"column":0},"end":{"line":12,"column":39}}},"fnMap":{"0":{"name":"_interopRequireDefault","decl":{"start":{"line":8,"column":55},"end":{"line":8,"column":77}},"loc":{"start":{"line":8,"column":83},"end":{"line":8,"column":139}},"line":8}},"branchMap":{"0":{"loc":{"start":{"line":8,"column":91},"end":{"line":8,"column":137}},"type":"cond-expr","locations":[{"start":{"line":8,"column":115},"end":{"line":8,"column":118}},{"start":{"line":8,"column":121},"end":{"line":8,"column":137}}],"line":8},"1":{"loc":{"start":{"line":8,"column":91},"end":{"line":8,"column":112}},"type":"binary-expr","locations":[{"start":{"line":8,"column":91},"end":{"line":8,"column":94}},{"start":{"line":8,"column":98},"end":{"line":8,"column":112}}],"line":8}},"s":{"0":0,"1":0,"2":0,"3":0,"4":0,"5":0,"6":0,"7":0,"8":0,"9":0,"10":0,"11":0,"12":0,"13":0,"14":0,"15":0},"f":{"0":0},"b":{"0":[0,0],"1":[0,0]}},"D:\\dikshaS\\workspaceFeb\\Fa_3\\SkyTracks - toTrainee\\SkyTracksUI\\src\\App.js":{"path":"D:\\dikshaS\\workspaceFeb\\Fa_3\\SkyTracks - toTrainee\\SkyTracksUI\\src\\App.js","statementMap":{"0":{"start":{"line":1,"column":13},"end":{"line":1,"column":75}},"1":{"start":{"line":1,"column":94},"end":{"line":1,"column":176}},"2":{"start":{"line":3,"column":13},"end":{"line":3,"column":29}},"3":{"start":{"line":3,"column":44},"end":{"line":3,"column":74}},"4":{"start":{"line":4,"column":22},"end":{"line":4,"column":49}},"5":{"start":{"line":5,"column":19},"end":{"line":5,"column":54}},"6":{"start":{"line":5,"column":75},"end":{"line":5,"column":111}},"7":{"start":{"line":6,"column":18},"end":{"line":6,"column":52}},"8":{"start":{"line":6,"column":72},"end":{"line":6,"column":107}},"9":{"start":{"line":8,"column":17},"end":{"line":8,"column":47}},"10":{"start":{"line":8,"column":66},"end":{"line":8,"column":100}},"11":{"start":{"line":9,"column":0},"end":{"line":9,"column":21}},"12":{"start":{"line":9,"column":59},"end":{"line":9,"column":113}},"13":{"start":{"line":13,"column":4},"end":{"line":41,"column":200}},"14":{"start":{"line":46,"column":4},"end":{"line":49,"column":8}}},"fnMap":{"0":{"name":"_interopRequireDefault","decl":{"start":{"line":9,"column":30},"end":{"line":9,"column":52}},"loc":{"start":{"line":9,"column":58},"end":{"line":9,"column":114}},"line":9},"1":{"name":"(anonymous_1)","decl":{"start":{"line":12,"column":2},"end":{"line":12,"column":3}},"loc":{"start":{"line":12,"column":11},"end":{"line":46,"column":3}},"line":12}},"branchMap":{"0":{"loc":{"start":{"line":9,"column":66},"end":{"line":9,"column":112}},"type":"cond-expr","locations":[{"start":{"line":9,"column":90},"end":{"line":9,"column":93}},{"start":{"line":9,"column":96},"end":{"line":9,"column":112}}],"line":9},"1":{"loc":{"start":{"line":9,"column":66},"end":{"line":9,"column":87}},"type":"binary-expr","locations":[{"start":{"line":9,"column":66},"end":{"line":9,"column":69}},{"start":{"line":9,"column":73},"end":{"line":9,"column":87}}],"line":9}},"s":{"0":0,"1":0,"2":0,"3":0,"4":0,"5":0,"6":0,"7":0,"8":0,"9":0,"10":0,"11":0,"12":0,"13":0,"14":0},"f":{"0":0,"1":0},"b":{"0":[0,0],"1":[0,0]}},"D:\\dikshaS\\workspaceFeb\\Fa_3\\SkyTracks - toTrainee\\SkyTracksUI\\src\\registerServiceWorker.js":{"path":"D:\\dikshaS\\workspaceFeb\\Fa_3\\SkyTracks - toTrainee\\SkyTracksUI\\src\\registerServiceWorker.js","statementMap":{"0":{"start":{"line":1,"column":13},"end":{"line":1,"column":75}},"1":{"start":{"line":1,"column":75},"end":{"line":21,"column":9}},"2":{"start":{"line":21,"column":9},"end":{"line":111,"column":24}},"3":{"start":{"line":118,"column":20},"end":{"line":120,"column":89}},"4":{"start":{"line":120,"column":111},"end":{"line":128,"column":36}},"5":{"start":{"line":121,"column":22},"end":{"line":121,"column":70}},"6":{"start":{"line":121,"column":71},"end":{"line":124,"column":14}},"7":{"start":{"line":124,"column":6},"end":{"line":124,"column":13}},"8":{"start":{"line":124,"column":14},"end":{"line":128,"column":35}},"9":{"start":{"line":124,"column":67},"end":{"line":124,"column":112}},"10":{"start":{"line":124,"column":113},"end":{"line":128,"column":32}},"11":{"start":{"line":125,"column":8},"end":{"line":125,"column":39}},"12":{"start":{"line":127,"column":8},"end":{"line":127,"column":178}},"13":{"start":{"line":127,"column":50},"end":{"line":127,"column":175}},"14":{"start":{"line":128,"column":8},"end":{"line":128,"column":31}},"15":{"start":{"line":128,"column":70},"end":{"line":135,"column":156}},"16":{"start":{"line":128,"column":132},"end":{"line":135,"column":68}},"17":{"start":{"line":128,"column":193},"end":{"line":128,"column":216}},"18":{"start":{"line":128,"column":217},"end":{"line":135,"column":66}},"19":{"start":{"line":128,"column":257},"end":{"line":135,"column":64}},"20":{"start":{"line":128,"column":302},"end":{"line":135,"column":63}},"21":{"start":{"line":132,"column":12},"end":{"line":132,"column":69}},"22":{"start":{"line":135,"column":12},"end":{"line":135,"column":62}},"23":{"start":{"line":135,"column":87},"end":{"line":135,"column":153}},"24":{"start":{"line":136,"column":2},"end":{"line":139,"column":126}},"25":{"start":{"line":137,"column":4},"end":{"line":139,"column":30}},"26":{"start":{"line":138,"column":6},"end":{"line":138,"column":127}},"27":{"start":{"line":138,"column":58},"end":{"line":138,"column":124}},"28":{"start":{"line":138,"column":96},"end":{"line":138,"column":121}},"29":{"start":{"line":139,"column":6},"end":{"line":139,"column":29}},"30":{"start":{"line":139,"column":46},"end":{"line":139,"column":123}},"31":{"start":{"line":139,"column":150},"end":{"line":139,"column":267}},"32":{"start":{"line":139,"column":185},"end":{"line":139,"column":266}},"33":{"start":{"line":139,"column":237},"end":{"line":139,"column":263}}},"fnMap":{"0":{"name":"register","decl":{"start":{"line":120,"column":99},"end":{"line":120,"column":107}},"loc":{"start":{"line":120,"column":110},"end":{"line":128,"column":37}},"line":120},"1":{"name":"(anonymous_1)","decl":{"start":{"line":124,"column":46},"end":{"line":124,"column":47}},"loc":{"start":{"line":124,"column":52},"end":{"line":128,"column":33}},"line":124},"2":{"name":"(anonymous_2)","decl":{"start":{"line":127,"column":43},"end":{"line":127,"column":44}},"loc":{"start":{"line":127,"column":49},"end":{"line":127,"column":176}},"line":127},"3":{"name":"registerValidSW","decl":{"start":{"line":128,"column":46},"end":{"line":128,"column":61}},"loc":{"start":{"line":128,"column":69},"end":{"line":135,"column":157}},"line":128},"4":{"name":"(anonymous_4)","decl":{"start":{"line":128,"column":115},"end":{"line":128,"column":116}},"loc":{"start":{"line":128,"column":131},"end":{"line":135,"column":69}},"line":128},"5":{"name":"(anonymous_5)","decl":{"start":{"line":128,"column":161},"end":{"line":128,"column":162}},"loc":{"start":{"line":128,"column":167},"end":{"line":135,"column":67}},"line":128},"6":{"name":"(anonymous_6)","decl":{"start":{"line":128,"column":250},"end":{"line":128,"column":251}},"loc":{"start":{"line":128,"column":256},"end":{"line":135,"column":65}},"line":128},"7":{"name":"(anonymous_7)","decl":{"start":{"line":135,"column":77},"end":{"line":135,"column":78}},"loc":{"start":{"line":135,"column":86},"end":{"line":135,"column":154}},"line":135},"8":{"name":"checkValidServiceWorker","decl":{"start":{"line":135,"column":166},"end":{"line":135,"column":189}},"loc":{"start":{"line":135,"column":197},"end":{"line":139,"column":127}},"line":135},"9":{"name":"(anonymous_9)","decl":{"start":{"line":136,"column":20},"end":{"line":136,"column":21}},"loc":{"start":{"line":136,"column":32},"end":{"line":139,"column":31}},"line":136},"10":{"name":"(anonymous_10)","decl":{"start":{"line":138,"column":41},"end":{"line":138,"column":42}},"loc":{"start":{"line":138,"column":57},"end":{"line":138,"column":125}},"line":138},"11":{"name":"(anonymous_11)","decl":{"start":{"line":138,"column":89},"end":{"line":138,"column":90}},"loc":{"start":{"line":138,"column":95},"end":{"line":138,"column":122}},"line":138},"12":{"name":"(anonymous_12)","decl":{"start":{"line":139,"column":39},"end":{"line":139,"column":40}},"loc":{"start":{"line":139,"column":45},"end":{"line":139,"column":124}},"line":139},"13":{"name":"unregister","decl":{"start":{"line":139,"column":136},"end":{"line":139,"column":146}},"loc":{"start":{"line":139,"column":149},"end":{"line":139,"column":268}},"line":139},"14":{"name":"(anonymous_14)","decl":{"start":{"line":139,"column":220},"end":{"line":139,"column":221}},"loc":{"start":{"line":139,"column":236},"end":{"line":139,"column":264}},"line":139}},"branchMap":{"0":{"loc":{"start":{"line":118,"column":28},"end":{"line":120,"column":88}},"type":"binary-expr","locations":[{"start":{"line":118,"column":28},"end":{"line":118,"column":68}},{"start":{"line":119,"column":0},"end":{"line":119,"column":36}},{"start":{"line":120,"column":0},"end":{"line":120,"column":88}}],"line":118},"1":{"loc":{"start":{"line":120,"column":111},"end":{"line":128,"column":36}},"type":"if","locations":[{"start":{"line":120,"column":111},"end":{"line":128,"column":36}},{"start":{"line":120,"column":111},"end":{"line":128,"column":36}}],"line":120},"2":{"loc":{"start":{"line":120,"column":115},"end":{"line":120,"column":184}},"type":"binary-expr","locations":[{"start":{"line":120,"column":115},"end":{"line":120,"column":152}},{"start":{"line":120,"column":156},"end":{"line":120,"column":184}}],"line":120},"3":{"loc":{"start":{"line":121,"column":71},"end":{"line":124,"column":14}},"type":"if","locations":[{"start":{"line":121,"column":71},"end":{"line":124,"column":14}},{"start":{"line":121,"column":71},"end":{"line":124,"column":14}}],"line":121},"4":{"loc":{"start":{"line":124,"column":113},"end":{"line":128,"column":32}},"type":"if","locations":[{"start":{"line":124,"column":113},"end":{"line":128,"column":32}},{"start":{"line":124,"column":113},"end":{"line":128,"column":32}}],"line":124},"5":{"loc":{"start":{"line":128,"column":257},"end":{"line":135,"column":64}},"type":"if","locations":[{"start":{"line":128,"column":257},"end":{"line":135,"column":64}},{"start":{"line":128,"column":257},"end":{"line":135,"column":64}}],"line":128},"6":{"loc":{"start":{"line":128,"column":302},"end":{"line":135,"column":63}},"type":"if","locations":[{"start":{"line":128,"column":302},"end":{"line":135,"column":63}},{"start":{"line":128,"column":302},"end":{"line":135,"column":63}}],"line":128},"7":{"loc":{"start":{"line":137,"column":4},"end":{"line":139,"column":30}},"type":"if","locations":[{"start":{"line":137,"column":4},"end":{"line":139,"column":30}},{"start":{"line":137,"column":4},"end":{"line":139,"column":30}}],"line":137},"8":{"loc":{"start":{"line":137,"column":8},"end":{"line":137,"column":100}},"type":"binary-expr","locations":[{"start":{"line":137,"column":8},"end":{"line":137,"column":31}},{"start":{"line":137,"column":35},"end":{"line":137,"column":100}}],"line":137},"9":{"loc":{"start":{"line":139,"column":150},"end":{"line":139,"column":267}},"type":"if","locations":[{"start":{"line":139,"column":150},"end":{"line":139,"column":267}},{"start":{"line":139,"column":150},"end":{"line":139,"column":267}}],"line":139}},"s":{"0":0,"1":0,"2":0,"3":0,"4":0,"5":0,"6":0,"7":0,"8":0,"9":0,"10":0,"11":0,"12":0,"13":0,"14":0,"15":0,"16":0,"17":0,"18":0,"19":0,"20":0,"21":0,"22":0,"23":0,"24":0,"25":0,"26":0,"27":0,"28":0,"29":0,"30":0,"31":0,"32":0,"33":0},"f":{"0":0,"1":0,"2":0,"3":0,"4":0,"5":0,"6":0,"7":0,"8":0,"9":0,"10":0,"11":0,"12":0,"13":0,"14":0},"b":{"0":[0,0,0],"1":[0,0],"2":[0,0],"3":[0,0],"4":[0,0],"5":[0,0],"6":[0,0],"7":[0,0],"8":[0,0],"9":[0,0]}},"D:\\dikshaS\\workspaceFeb\\Fa_3\\SkyTracks - toTrainee\\SkyTracksUI\\src\\testing\\evaluator.js":{"path":"D:\\dikshaS\\workspaceFeb\\Fa_3\\SkyTracks - toTrainee\\SkyTracksUI\\src\\testing\\evaluator.js","statementMap":{"0":{"start":{"line":1,"column":13},"end":{"line":1,"column":75}},"1":{"start":{"line":1,"column":94},"end":{"line":1,"column":191}},"2":{"start":{"line":1,"column":205},"end":{"line":1,"column":221}},"3":{"start":{"line":1,"column":236},"end":{"line":1,"column":266}},"4":{"start":{"line":2,"column":0},"end":{"line":2,"column":22}},"5":{"start":{"line":3,"column":13},"end":{"line":3,"column":29}},"6":{"start":{"line":3,"column":44},"end":{"line":3,"column":74}},"7":{"start":{"line":4,"column":16},"end":{"line":4,"column":36}},"8":{"start":{"line":4,"column":54},"end":{"line":4,"column":87}},"9":{"start":{"line":4,"column":126},"end":{"line":4,"column":180}},"10":{"start":{"line":8,"column":8},"end":{"line":8,"column":21}},"11":{"start":{"line":8,"column":21},"end":{"line":23,"column":10}},"12":{"start":{"line":17,"column":12},"end":{"line":17,"column":47}},"13":{"start":{"line":18,"column":12},"end":{"line":18,"column":47}},"14":{"start":{"line":19,"column":12},"end":{"line":22,"column":59}},"15":{"start":{"line":20,"column":16},"end":{"line":20,"column":38}},"16":{"start":{"line":21,"column":16},"end":{"line":21,"column":60}},"17":{"start":{"line":22,"column":30},"end":{"line":22,"column":57}},"18":{"start":{"line":23,"column":10},"end":{"line":29,"column":10}},"19":{"start":{"line":26,"column":12},"end":{"line":28,"column":107}},"20":{"start":{"line":27,"column":30},"end":{"line":27,"column":57}},"21":{"start":{"line":27,"column":57},"end":{"line":27,"column":78}},"22":{"start":{"line":28,"column":26},"end":{"line":28,"column":43}},"23":{"start":{"line":28,"column":43},"end":{"line":28,"column":77}},"24":{"start":{"line":28,"column":77},"end":{"line":28,"column":104}},"25":{"start":{"line":29,"column":10},"end":{"line":59,"column":10}},"26":{"start":{"line":32,"column":12},"end":{"line":32,"column":50}},"27":{"start":{"line":33,"column":28},"end":{"line":33,"column":58}},"28":{"start":{"line":34,"column":12},"end":{"line":34,"column":41}},"29":{"start":{"line":35,"column":12},"end":{"line":35,"column":101}},"30":{"start":{"line":36,"column":12},"end":{"line":36,"column":174}},"31":{"start":{"line":37,"column":12},"end":{"line":37,"column":95}},"32":{"start":{"line":38,"column":12},"end":{"line":38,"column":69}},"33":{"start":{"line":39,"column":12},"end":{"line":39,"column":76}},"34":{"start":{"line":40,"column":12},"end":{"line":40,"column":46}},"35":{"start":{"line":41,"column":12},"end":{"line":58,"column":15}},"36":{"start":{"line":42,"column":16},"end":{"line":57,"column":17}},"37":{"start":{"line":43,"column":20},"end":{"line":43,"column":38}},"38":{"start":{"line":44,"column":20},"end":{"line":44,"column":54}},"39":{"start":{"line":45,"column":36},"end":{"line":45,"column":38}},"40":{"start":{"line":46,"column":20},"end":{"line":52,"column":21}},"41":{"start":{"line":47,"column":24},"end":{"line":51,"column":25}},"42":{"start":{"line":48,"column":28},"end":{"line":48,"column":291}},"43":{"start":{"line":50,"column":28},"end":{"line":50,"column":290}},"44":{"start":{"line":53,"column":20},"end":{"line":53,"column":670}},"45":{"start":{"line":54,"column":20},"end":{"line":54,"column":84}},"46":{"start":{"line":56,"column":20},"end":{"line":56,"column":187}},"47":{"start":{"line":59,"column":10},"end":{"line":59,"column":59}},"48":{"start":{"line":59,"column":59},"end":{"line":59,"column":86}},"49":{"start":{"line":59,"column":86},"end":{"line":59,"column":133}},"50":{"start":{"line":62,"column":8},"end":{"line":86,"column":118}},"51":{"start":{"line":90,"column":6},"end":{"line":94,"column":10}}},"fnMap":{"0":{"name":"_interopRequireDefault","decl":{"start":{"line":4,"column":97},"end":{"line":4,"column":119}},"loc":{"start":{"line":4,"column":125},"end":{"line":4,"column":181}},"line":4},"1":{"name":"(anonymous_1)","decl":{"start":{"line":7,"column":4},"end":{"line":7,"column":5}},"loc":{"start":{"line":7,"column":23},"end":{"line":59,"column":134}},"line":7},"2":{"name":"(anonymous_2)","decl":{"start":{"line":16,"column":18},"end":{"line":16,"column":19}},"loc":{"start":{"line":16,"column":24},"end":{"line":23,"column":9}},"line":16},"3":{"name":"(anonymous_3)","decl":{"start":{"line":19,"column":70},"end":{"line":19,"column":71}},"loc":{"start":{"line":19,"column":82},"end":{"line":22,"column":13}},"line":19},"4":{"name":"(anonymous_4)","decl":{"start":{"line":22,"column":21},"end":{"line":22,"column":22}},"loc":{"start":{"line":22,"column":30},"end":{"line":22,"column":57}},"line":22},"5":{"name":"(anonymous_5)","decl":{"start":{"line":25,"column":22},"end":{"line":25,"column":23}},"loc":{"start":{"line":25,"column":28},"end":{"line":29,"column":9}},"line":25},"6":{"name":"(anonymous_6)","decl":{"start":{"line":27,"column":17},"end":{"line":27,"column":18}},"loc":{"start":{"line":27,"column":29},"end":{"line":27,"column":79}},"line":27},"7":{"name":"(anonymous_7)","decl":{"start":{"line":28,"column":18},"end":{"line":28,"column":19}},"loc":{"start":{"line":28,"column":25},"end":{"line":28,"column":105}},"line":28},"8":{"name":"(anonymous_8)","decl":{"start":{"line":31,"column":19},"end":{"line":31,"column":20}},"loc":{"start":{"line":31,"column":25},"end":{"line":59,"column":9}},"line":31},"9":{"name":"(anonymous_9)","decl":{"start":{"line":41,"column":43},"end":{"line":41,"column":44}},"loc":{"start":{"line":41,"column":51},"end":{"line":58,"column":13}},"line":41},"10":{"name":"(anonymous_10)","decl":{"start":{"line":61,"column":4},"end":{"line":61,"column":5}},"loc":{"start":{"line":61,"column":13},"end":{"line":90,"column":5}},"line":61}},"branchMap":{"0":{"loc":{"start":{"line":4,"column":133},"end":{"line":4,"column":179}},"type":"cond-expr","locations":[{"start":{"line":4,"column":157},"end":{"line":4,"column":160}},{"start":{"line":4,"column":163},"end":{"line":4,"column":179}}],"line":4},"1":{"loc":{"start":{"line":4,"column":133},"end":{"line":4,"column":154}},"type":"binary-expr","locations":[{"start":{"line":4,"column":133},"end":{"line":4,"column":136}},{"start":{"line":4,"column":140},"end":{"line":4,"column":154}}],"line":4},"2":{"loc":{"start":{"line":42,"column":16},"end":{"line":57,"column":17}},"type":"if","locations":[{"start":{"line":42,"column":16},"end":{"line":57,"column":17}},{"start":{"line":42,"column":16},"end":{"line":57,"column":17}}],"line":42},"3":{"loc":{"start":{"line":47,"column":24},"end":{"line":51,"column":25}},"type":"if","locations":[{"start":{"line":47,"column":24},"end":{"line":51,"column":25}},{"start":{"line":47,"column":24},"end":{"line":51,"column":25}}],"line":47},"4":{"loc":{"start":{"line":65,"column":16},"end":{"line":72,"column":20}},"type":"cond-expr","locations":[{"start":{"line":66,"column":16},"end":{"line":69,"column":159}},{"start":{"line":72,"column":16},"end":{"line":72,"column":20}}],"line":65},"5":{"loc":{"start":{"line":86,"column":16},"end":{"line":86,"column":115}},"type":"cond-expr","locations":[{"start":{"line":86,"column":38},"end":{"line":86,"column":108}},{"start":{"line":86,"column":111},"end":{"line":86,"column":115}}],"line":86}},"s":{"0":0,"1":0,"2":0,"3":0,"4":0,"5":0,"6":0,"7":0,"8":0,"9":0,"10":0,"11":0,"12":0,"13":0,"14":0,"15":0,"16":0,"17":0,"18":0,"19":0,"20":0,"21":0,"22":0,"23":0,"24":0,"25":0,"26":0,"27":0,"28":0,"29":0,"30":0,"31":0,"32":0,"33":0,"34":0,"35":0,"36":0,"37":0,"38":0,"39":0,"40":0,"41":0,"42":0,"43":0,"44":0,"45":0,"46":0,"47":0,"48":0,"49":0,"50":0,"51":0},"f":{"0":0,"1":0,"2":0,"3":0,"4":0,"5":0,"6":0,"7":0,"8":0,"9":0,"10":0},"b":{"0":[0,0],"1":[0,0],"2":[0,0],"3":[0,0],"4":[0,0],"5":[0,0]}}}}